<?xml version="1.0" encoding="UTF-8"?>
<!-- Generated by org.testng.reporters.JUnitReportReporter -->
<testsuite hostname="admin-PC" name="cn.mahjong.service.RechargeServiceImplTest" tests="13" failures="1" timestamp="2 Jun 2017 09:47:15 GMT" time="0.317" errors="0">
  <testcase name="recharge_whenOperatorIsNotInUsersParentUsers_thenReturnFalse" time="0.002" classname="cn.mahjong.service.RechargeServiceImplTest"/>
  <testcase name="recharge_whenUserIdLessThan0_thenReturnFalse" time="0.001" classname="cn.mahjong.service.RechargeServiceImplTest"/>
  <testcase name="recharge_whenOperatorIdEquals0_thenReturnFalse" time="0.001" classname="cn.mahjong.service.RechargeServiceImplTest"/>
  <testcase name="recharge_whenInventoryIsEnoughReturnTrue" time="0.027" classname="cn.mahjong.service.RechargeServiceImplTest">
    <failure type="java.lang.NullPointerException">
      <![CDATA[java.lang.NullPointerException
	at cn.mahjong.service.impl.RechargeServiceImpl.recharge(RechargeServiceImpl.java:99)
	at cn.mahjong.service.RechargeServiceImplTest.recharge_whenInventoryIsEnoughReturnTrue(RechargeServiceImplTest.java:140)
	at sun.reflect.NativeMethodAccessorImpl.invoke0(Native Method)
	at sun.reflect.NativeMethodAccessorImpl.invoke(NativeMethodAccessorImpl.java:62)
	at sun.reflect.DelegatingMethodAccessorImpl.invoke(DelegatingMethodAccessorImpl.java:43)
	at java.lang.reflect.Method.invoke(Method.java:497)
	at org.testng.internal.MethodInvocationHelper.invokeMethod(MethodInvocationHelper.java:84)
	at org.testng.internal.Invoker.invokeMethod(Invoker.java:714)
	at org.testng.internal.Invoker.invokeTestMethod(Invoker.java:901)
	at org.testng.internal.Invoker.invokeTestMethods(Invoker.java:1231)
	at org.testng.internal.TestMethodWorker.invokeTestMethods(TestMethodWorker.java:127)
	at org.testng.internal.TestMethodWorker.run(TestMethodWorker.java:111)
	at org.testng.TestRunner.privateRun(TestRunner.java:767)
	at org.testng.TestRunner.run(TestRunner.java:617)
	at org.testng.SuiteRunner.runTest(SuiteRunner.java:335)
	at org.testng.SuiteRunner.runSequentially(SuiteRunner.java:330)
	at org.testng.SuiteRunner.privateRun(SuiteRunner.java:291)
	at org.testng.SuiteRunner.run(SuiteRunner.java:240)
	at org.testng.SuiteRunnerWorker.runSuite(SuiteRunnerWorker.java:52)
	at org.testng.SuiteRunnerWorker.run(SuiteRunnerWorker.java:86)
	at org.testng.TestNG.runSuitesSequentially(TestNG.java:1224)
	at org.testng.TestNG.runSuitesLocally(TestNG.java:1149)
	at org.testng.TestNG.run(TestNG.java:1057)
	at org.testng.remote.RemoteTestNG.run(RemoteTestNG.java:111)
	at org.testng.remote.RemoteTestNG.initAndRun(RemoteTestNG.java:204)
	at org.testng.remote.RemoteTestNG.main(RemoteTestNG.java:175)
]]>
    </failure>
  </testcase> <!-- recharge_whenInventoryIsEnoughReturnTrue -->
  <testcase name="get_whenDBQuerySuccess_thenReturnTrue" time="0.003" classname="cn.mahjong.service.RechargeServiceImplTest"/>
  <testcase name="recharge_whenGiftLessThan0_thenReturnFalse" time="0.001" classname="cn.mahjong.service.RechargeServiceImplTest"/>
  <testcase name="recharge_whenAmountEquals0_thenReturnFalse" time="0.019" classname="cn.mahjong.service.RechargeServiceImplTest"/>
  <testcase name="recharge_whenAmountLessThan0_thenReturnFalse" time="0.001" classname="cn.mahjong.service.RechargeServiceImplTest"/>
  <testcase name="recharge_whenUserNotExist_thenReturnFalse" time="0.001" classname="cn.mahjong.service.RechargeServiceImplTest"/>
  <testcase name="getSummary_whenDBQuerySuccess_thenReturnTrue" time="0.253" classname="cn.mahjong.service.RechargeServiceImplTest"/>
  <testcase name="recharge_whenInventoryNotEnoughReturnFalse" time="0.003" classname="cn.mahjong.service.RechargeServiceImplTest"/>
  <testcase name="recharge_whenOperatorIdLessThan0_thenReturnFalse" time="0.003" classname="cn.mahjong.service.RechargeServiceImplTest"/>
  <testcase name="recharge_whenUserIdEquals0_thenReturnFalse" time="0.002" classname="cn.mahjong.service.RechargeServiceImplTest"/>
</testsuite> <!-- cn.mahjong.service.RechargeServiceImplTest -->
