<?xml version="1.0" encoding="UTF-8"?>
<!-- Generated by org.testng.reporters.JUnitReportReporter -->
<testsuite hostname="admin-PC" name="cn.mahjong.service.ExchangeServiceTest" tests="12" failures="0" timestamp="2 Jun 2017 09:47:15 GMT" time="0.166" errors="0">
  <testcase name="get_whenDBQuerySuccess_thenReturnTrue" time="0.001" classname="cn.mahjong.service.ExchangeServiceTest"/>
  <testcase name="exchange_whenGameUserIdLessThan0OrEquals0_thenReturnFalse" time="0.000" classname="cn.mahjong.service.ExchangeServiceTest"/>
  <testcase name="exchange_whenInventoryNotEnough_thenReturnFalse" time="0.001" classname="cn.mahjong.service.ExchangeServiceTest"/>
  <testcase name="exchange_whenGameUserNotExist_thenReturnFalse2" time="0.119" classname="cn.mahjong.service.ExchangeServiceTest"/>
  <testcase name="exchange_whenExchangeIsNotSuccess_thenReturnFalse" time="0.006" classname="cn.mahjong.service.ExchangeServiceTest"/>
  <testcase name="exchange_whenExchangeSuccess_thenReturnTrue" time="0.002" classname="cn.mahjong.service.ExchangeServiceTest"/>
  <testcase name="exchange_whenAmountLessThan0OrEquals0_thenReturnFalse" time="0.001" classname="cn.mahjong.service.ExchangeServiceTest"/>
  <testcase name="getSummary_whenDBQuerySuccess_thenReturnTrue" time="0.001" classname="cn.mahjong.service.ExchangeServiceTest"/>
  <testcase name="exchange_whenUserIdLessThan0OrEquals0_thenReturnFalse" time="0.031" classname="cn.mahjong.service.ExchangeServiceTest"/>
  <testcase name="exchange_whenGameUserNotExist_thenReturnFalse" time="0.002" classname="cn.mahjong.service.ExchangeServiceTest"/>
  <testcase name="exchange_whenInventoryNotEnough2_thenReturnFalse" time="0.001" classname="cn.mahjong.service.ExchangeServiceTest"/>
  <testcase name="exchange_whenUserNotExist_thenReturnFalse" time="0.001" classname="cn.mahjong.service.ExchangeServiceTest"/>
</testsuite> <!-- cn.mahjong.service.ExchangeServiceTest -->
