<?xml version="1.0" encoding="UTF-8"?>
<!-- Generated by org.testng.reporters.JUnitReportReporter -->
<testsuite hostname="admin-PC" name="cn.mahjong.service.StatServiceImplTest" tests="2" failures="0" timestamp="2 Jun 2017 09:47:15 GMT" time="0.003" errors="0">
  <testcase name="personPurchaseSum_whenUserId_thenRerurn" time="0.001" classname="cn.mahjong.service.StatServiceImplTest"/>
  <testcase name="personSaleSum_whenUserId_thenRerurn" time="0.002" classname="cn.mahjong.service.StatServiceImplTest"/>
</testsuite> <!-- cn.mahjong.service.StatServiceImplTest -->
