<?xml version="1.0" encoding="UTF-8"?>
<!-- Generated by org.testng.reporters.JUnitReportReporter -->
<testsuite hostname="admin-PC" name="cn.mahjong.service.SPProviderFactoryTest" tests="1" failures="0" timestamp="2 Jun 2017 09:47:15 GMT" time="0.001" errors="0">
  <testcase name="createAll_whenAnyTime_thenReturnAllProviders" time="0.001" classname="cn.mahjong.service.SPProviderFactoryTest"/>
</testsuite> <!-- cn.mahjong.service.SPProviderFactoryTest -->
