<?xml version="1.0" encoding="UTF-8"?>
<!-- Generated by org.testng.reporters.JUnitReportReporter -->
<testsuite hostname="admin-PC" name="cn.mahjong.service.UserServiceImplTest" tests="28" failures="0" timestamp="2 Jun 2017 09:47:15 GMT" time="0.137" errors="0">
  <testcase name="changePhoneSecond_whenUserNotExit_thenRerurnFalse" time="0.001" classname="cn.mahjong.service.UserServiceImplTest"/>
  <testcase name="findPwd_whenUserIsHead_thenReturnFalse" time="0.001" classname="cn.mahjong.service.UserServiceImplTest"/>
  <testcase name="changePwd_whenUpdatePwdFail_thenRerurnFalse" time="0.002" classname="cn.mahjong.service.UserServiceImplTest"/>
  <testcase name="findPwd_whenUserIdNotExit_thenRerurnFalse" time="0.001" classname="cn.mahjong.service.UserServiceImplTest"/>
  <testcase name="findPwd_whenUserIdNotBindPhone_thenRerurnFalse" time="0.001" classname="cn.mahjong.service.UserServiceImplTest"/>
  <testcase name="changePhoneSecond_whenSmsCodeError_thenRerurnFalse" time="0.001" classname="cn.mahjong.service.UserServiceImplTest"/>
  <testcase name="findPwd_whenUserIsHq_thenReturnFalse" time="0.001" classname="cn.mahjong.service.UserServiceImplTest"/>
  <testcase name="findPwd_whenUpdatePwdFail_thenRerurnFalse" time="0.002" classname="cn.mahjong.service.UserServiceImplTest"/>
  <testcase name="changePhoneFirst_whenSmsCode_thenRerurnTrue" time="0.002" classname="cn.mahjong.service.UserServiceImplTest"/>
  <testcase name="findPwd_whenUpdatePwdSuccess_thenRerurnFalse" time="0.002" classname="cn.mahjong.service.UserServiceImplTest"/>
  <testcase name="findPwd_whenSmsCodeError_thenRerurnFalse" time="0.001" classname="cn.mahjong.service.UserServiceImplTest"/>
  <testcase name="changePwd_whenUpdatePwdSuccess_thenRerurnFalse" time="0.002" classname="cn.mahjong.service.UserServiceImplTest"/>
  <testcase name="findPwd_whenUserIsNotHead_thenReturnFalse" time="0.001" classname="cn.mahjong.service.UserServiceImplTest"/>
  <testcase name="sendFindPwdSms_whenUserIdNotExit_thenRerurnFalse" time="0.093" classname="cn.mahjong.service.UserServiceImplTest"/>
  <testcase name="changePhoneSecond_whenChangePhoneSuccess_thenRerurnTrue" time="0.002" classname="cn.mahjong.service.UserServiceImplTest"/>
  <testcase name="changePhoneSecond_whenUserPhoneNotEquals_thenRerurnFalse" time="0.001" classname="cn.mahjong.service.UserServiceImplTest"/>
  <testcase name="changePhoneFirst_whenUserIdNotBindPhone_thenRerurnFalse" time="0.001" classname="cn.mahjong.service.UserServiceImplTest"/>
  <testcase name="sendFindPwdSms_whenUserIdNotBindPhone_thenRerurnFalse" time="0.002" classname="cn.mahjong.service.UserServiceImplTest"/>
  <testcase name="sendChangePhoneSms_whenUserIdNotExit_thenRerurnFalse" time="0.002" classname="cn.mahjong.service.UserServiceImplTest"/>
  <testcase name="sendChangePhoneSms_whenSendSuccess_thenRerurnFalse" time="0.001" classname="cn.mahjong.service.UserServiceImplTest"/>
  <testcase name="changePhoneFirst_whenSmsCodeError_thenRerurnFalse" time="0.009" classname="cn.mahjong.service.UserServiceImplTest"/>
  <testcase name="changePhoneSecond_whenUserNotPhone_thenRerurnFalse" time="0.001" classname="cn.mahjong.service.UserServiceImplTest"/>
  <testcase name="sendSecondChangePhoneSms_whenUserIdExit_thenRerurnFalse" time="0.001" classname="cn.mahjong.service.UserServiceImplTest"/>
  <testcase name="changePhoneFirst_whenUserIdNotExit_thenRerurnFalse" time="0.002" classname="cn.mahjong.service.UserServiceImplTest"/>
  <testcase name="changePwd_whenUserIdNotExit_thenRerurnFalse" time="0.001" classname="cn.mahjong.service.UserServiceImplTest"/>
  <testcase name="sendChangePhoneSms_whenUserIdNotBindPhone_thenRerurnFalse" time="0.000" classname="cn.mahjong.service.UserServiceImplTest"/>
  <testcase name="sendFindPwdSms_whenSendSuccess_thenRerurnFalse" time="0.002" classname="cn.mahjong.service.UserServiceImplTest"/>
  <testcase name="sendSecondChangePhoneSms_whenUserIdNotExit_thenRerurnFalse" time="0.001" classname="cn.mahjong.service.UserServiceImplTest"/>
</testsuite> <!-- cn.mahjong.service.UserServiceImplTest -->
