<?xml version="1.0" encoding="UTF-8"?>
<!-- Generated by org.testng.reporters.JUnitReportReporter -->
<testsuite hostname="admin-PC" name="cn.mahjong.service.SMSServiceImplTest" tests="6" failures="0" timestamp="2 Jun 2017 09:47:15 GMT" time="0.046" errors="0">
  <testcase name="send_whenIsVerifyCodeSMSAndNotArriveNextSendTime_thenReturnFalse" time="0.001" classname="cn.mahjong.service.SMSServiceImplTest"/>
  <testcase name="validate_whenValidateFailed_thenReturnFalse" time="0.001" classname="cn.mahjong.service.SMSServiceImplTest"/>
  <testcase name="send_whenIsVerifyCodeSMSAndArriveNextSendTime_thenReturnTrue" time="0.020" classname="cn.mahjong.service.SMSServiceImplTest"/>
  <testcase name="validate_whenValidateSuccess_thenReturnTrue" time="0.000" classname="cn.mahjong.service.SMSServiceImplTest"/>
  <testcase name="send_whenIsOverLimit_thenReturnFalse" time="0.021" classname="cn.mahjong.service.SMSServiceImplTest"/>
  <testcase name="send_whenIsVerifyCodeSMSAndArriveNextSendTime_thenReturnTrue2" time="0.003" classname="cn.mahjong.service.SMSServiceImplTest"/>
</testsuite> <!-- cn.mahjong.service.SMSServiceImplTest -->
