<?xml version="1.0" encoding="UTF-8"?>
<!-- Generated by org.testng.reporters.JUnitReportReporter -->
<testsuite hostname="admin-PC" name="cn.mahjong.service.GuoDuProviderTest" tests="4" failures="0" timestamp="2 Jun 2017 09:47:15 GMT" time="0.319" errors="0">
  <testcase name="send_whenExceptionThrows_thenReturnFalse" time="0.088" classname="cn.mahjong.service.GuoDuProviderTest"/>
  <testcase name="getName_whenAnyTimes_thenReturnGuoDu" time="0.000" classname="cn.mahjong.service.GuoDuProviderTest"/>
  <testcase name="send_whenStatusCodeNotEqualsMinus1_thenReturnFalse" time="0.064" classname="cn.mahjong.service.GuoDuProviderTest"/>
  <testcase name="send_whenStatusCodeEquals0_thenReturnTrue" time="0.167" classname="cn.mahjong.service.GuoDuProviderTest"/>
</testsuite> <!-- cn.mahjong.service.GuoDuProviderTest -->
