<?xml version="1.0" encoding="UTF-8"?>
<!-- Generated by org.testng.reporters.JUnitReportReporter -->
<testsuite hostname="admin-PC" name="cn.mahjong.service.LoginServiceImplTest" tests="12" failures="0" timestamp="2 Jun 2017 09:47:15 GMT" time="0.013" errors="0">
  <testcase name="isNeedCaptcha_whenLoginErrorTimeThan3_thenReturn" time="0.000" classname="cn.mahjong.service.LoginServiceImplTest"/>
  <testcase name="login_whenAccountIsNotHead_thenReturnFalse" time="0.001" classname="cn.mahjong.service.LoginServiceImplTest"/>
  <testcase name="isNeedCaptcha_whenLoginErrorTimeEqual3_thenReturn" time="0.001" classname="cn.mahjong.service.LoginServiceImplTest"/>
  <testcase name="login_whenAccountIsBanned_thenReturnFalse" time="0.003" classname="cn.mahjong.service.LoginServiceImplTest"/>
  <testcase name="login_whenAccountPwdError_thenReturnFalse" time="0.001" classname="cn.mahjong.service.LoginServiceImplTest"/>
  <testcase name="login_whenAccountNotExit_thenReturnFalse" time="0.001" classname="cn.mahjong.service.LoginServiceImplTest"/>
  <testcase name="isNeedCaptcha_whenLoginNotErrorTime_thenReturn" time="0.000" classname="cn.mahjong.service.LoginServiceImplTest"/>
  <testcase name="login_whenAccountIsHead_thenReturnFalse" time="0.001" classname="cn.mahjong.service.LoginServiceImplTest"/>
  <testcase name="login_whenLoginSuccess_thenReturnTrue" time="0.003" classname="cn.mahjong.service.LoginServiceImplTest"/>
  <testcase name="isNeedCaptcha_whenLoginErrorTimeLess3_thenReturn" time="0.000" classname="cn.mahjong.service.LoginServiceImplTest"/>
  <testcase name="isNeedCaptcha_whenLoginNotError_thenReturn" time="0.001" classname="cn.mahjong.service.LoginServiceImplTest"/>
  <testcase name="login_whenInsertLogFail_thenReturnFalse" time="0.001" classname="cn.mahjong.service.LoginServiceImplTest"/>
</testsuite> <!-- cn.mahjong.service.LoginServiceImplTest -->
