<?xml version="1.0" encoding="UTF-8"?>
<!-- Generated by org.testng.reporters.JUnitReportReporter -->
<testsuite hostname="admin-PC" name="cn.mahjong.service.HeadServiceTest" tests="8" failures="2" timestamp="2 Jun 2017 09:47:15 GMT" time="0.337" errors="0">
  <testcase name="getHead_whenUserNotExist_thenReturnNull" time="0.001" classname="cn.mahjong.service.HeadServiceTest"/>
  <testcase name="createHead_whenPhoneDuplicate_thenReturnFalse" time="0.001" classname="cn.mahjong.service.HeadServiceTest"/>
  <testcase name="createHead_whenInsertSuccess_thenReturnTrue" time="0.318" classname="cn.mahjong.service.HeadServiceTest"/>
  <testcase name="getHead_whenUserStatusNotMatch_thenReturnNull" time="0.003" classname="cn.mahjong.service.HeadServiceTest"/>
  <testcase name="update_whenDBUpdateSuccess_thenReturnTrue" time="0.008" classname="cn.mahjong.service.HeadServiceTest">
    <failure type="org.mockito.exceptions.misusing.UnfinishedStubbingException" message="
Unfinished stubbing detected here:
-&gt; at cn.mahjong.service.HeadServiceTest.getHeads_whenGetList_thenReturnList(HeadServiceTest.java:56)

E.g. thenReturn() may be missing.
Examples of correct stubbing:
    when(mock.isOk()).thenReturn(true);
    when(mock.isOk()).thenThrow(exception);
    doThrow(exception).when(mock).someVoidMethod();
Hints:
 1. missing thenReturn()
 2. you are trying to stub a final method, you naughty developer!
 3: you are stubbing the behaviour of another mock inside before &#039;thenReturn&#039; instruction if completed
">
      <![CDATA[org.mockito.exceptions.misusing.UnfinishedStubbingException: 
Unfinished stubbing detected here:
-> at cn.mahjong.service.HeadServiceTest.getHeads_whenGetList_thenReturnList(HeadServiceTest.java:56)

E.g. thenReturn() may be missing.
Examples of correct stubbing:
    when(mock.isOk()).thenReturn(true);
    when(mock.isOk()).thenThrow(exception);
    doThrow(exception).when(mock).someVoidMethod();
Hints:
 1. missing thenReturn()
 2. you are trying to stub a final method, you naughty developer!
 3: you are stubbing the behaviour of another mock inside before 'thenReturn' instruction if completed

	at cn.mahjong.service.HeadServiceTest.update_whenDBUpdateSuccess_thenReturnTrue(HeadServiceTest.java:158)
	at sun.reflect.NativeMethodAccessorImpl.invoke0(Native Method)
	at sun.reflect.NativeMethodAccessorImpl.invoke(NativeMethodAccessorImpl.java:62)
	at sun.reflect.DelegatingMethodAccessorImpl.invoke(DelegatingMethodAccessorImpl.java:43)
	at java.lang.reflect.Method.invoke(Method.java:497)
	at org.testng.internal.MethodInvocationHelper.invokeMethod(MethodInvocationHelper.java:84)
	at org.testng.internal.Invoker.invokeMethod(Invoker.java:714)
	at org.testng.internal.Invoker.invokeTestMethod(Invoker.java:901)
	at org.testng.internal.Invoker.invokeTestMethods(Invoker.java:1231)
	at org.testng.internal.TestMethodWorker.invokeTestMethods(TestMethodWorker.java:127)
	at org.testng.internal.TestMethodWorker.run(TestMethodWorker.java:111)
	at org.testng.TestRunner.privateRun(TestRunner.java:767)
	at org.testng.TestRunner.run(TestRunner.java:617)
	at org.testng.SuiteRunner.runTest(SuiteRunner.java:335)
	at org.testng.SuiteRunner.runSequentially(SuiteRunner.java:330)
	at org.testng.SuiteRunner.privateRun(SuiteRunner.java:291)
	at org.testng.SuiteRunner.run(SuiteRunner.java:240)
	at org.testng.SuiteRunnerWorker.runSuite(SuiteRunnerWorker.java:52)
	at org.testng.SuiteRunnerWorker.run(SuiteRunnerWorker.java:86)
	at org.testng.TestNG.runSuitesSequentially(TestNG.java:1224)
	at org.testng.TestNG.runSuitesLocally(TestNG.java:1149)
	at org.testng.TestNG.run(TestNG.java:1057)
	at org.testng.remote.RemoteTestNG.run(RemoteTestNG.java:111)
	at org.testng.remote.RemoteTestNG.initAndRun(RemoteTestNG.java:204)
	at org.testng.remote.RemoteTestNG.main(RemoteTestNG.java:175)
]]>
    </failure>
  </testcase> <!-- update_whenDBUpdateSuccess_thenReturnTrue -->
  <testcase name="createHead_whenVerifyCodeWrong_thenReturnFalse" time="0.002" classname="cn.mahjong.service.HeadServiceTest"/>
  <testcase name="getHeads_whenGetList_thenReturnList" time="0.002" classname="cn.mahjong.service.HeadServiceTest">
    <failure type="java.lang.NoSuchMethodError" message="com.beust.jcommander.internal.Lists.newArrayList([Ljava/lang/Object;)Ljava/util/List;">
      <![CDATA[java.lang.NoSuchMethodError: com.beust.jcommander.internal.Lists.newArrayList([Ljava/lang/Object;)Ljava/util/List;
	at cn.mahjong.service.HeadServiceTest.getHeads_whenGetList_thenReturnList(HeadServiceTest.java:57)
	at sun.reflect.NativeMethodAccessorImpl.invoke0(Native Method)
	at sun.reflect.NativeMethodAccessorImpl.invoke(NativeMethodAccessorImpl.java:62)
	at sun.reflect.DelegatingMethodAccessorImpl.invoke(DelegatingMethodAccessorImpl.java:43)
	at java.lang.reflect.Method.invoke(Method.java:497)
	at org.testng.internal.MethodInvocationHelper.invokeMethod(MethodInvocationHelper.java:84)
	at org.testng.internal.Invoker.invokeMethod(Invoker.java:714)
	at org.testng.internal.Invoker.invokeTestMethod(Invoker.java:901)
	at org.testng.internal.Invoker.invokeTestMethods(Invoker.java:1231)
	at org.testng.internal.TestMethodWorker.invokeTestMethods(TestMethodWorker.java:127)
	at org.testng.internal.TestMethodWorker.run(TestMethodWorker.java:111)
	at org.testng.TestRunner.privateRun(TestRunner.java:767)
	at org.testng.TestRunner.run(TestRunner.java:617)
	at org.testng.SuiteRunner.runTest(SuiteRunner.java:335)
	at org.testng.SuiteRunner.runSequentially(SuiteRunner.java:330)
	at org.testng.SuiteRunner.privateRun(SuiteRunner.java:291)
	at org.testng.SuiteRunner.run(SuiteRunner.java:240)
	at org.testng.SuiteRunnerWorker.runSuite(SuiteRunnerWorker.java:52)
	at org.testng.SuiteRunnerWorker.run(SuiteRunnerWorker.java:86)
	at org.testng.TestNG.runSuitesSequentially(TestNG.java:1224)
	at org.testng.TestNG.runSuitesLocally(TestNG.java:1149)
	at org.testng.TestNG.run(TestNG.java:1057)
	at org.testng.remote.RemoteTestNG.run(RemoteTestNG.java:111)
	at org.testng.remote.RemoteTestNG.initAndRun(RemoteTestNG.java:204)
	at org.testng.remote.RemoteTestNG.main(RemoteTestNG.java:175)
]]>
    </failure>
  </testcase> <!-- getHeads_whenGetList_thenReturnList -->
  <testcase name="getHead_whenUserNotParent_thenReturnNull" time="0.002" classname="cn.mahjong.service.HeadServiceTest"/>
</testsuite> <!-- cn.mahjong.service.HeadServiceTest -->
