<?xml version="1.0" encoding="UTF-8"?>
<!-- Generated by org.testng.reporters.JUnitReportReporter -->
<testsuite hostname="admin-PC" name="cn.mahjong.service.CaptchaServiceImplTest" tests="4" failures="0" timestamp="2 Jun 2017 09:47:15 GMT" time="0.028" errors="0">
  <testcase name="checkCaptcha_whenRedisCaptchaEmpty_thenReturnFalse" time="0.002" classname="cn.mahjong.service.CaptchaServiceImplTest"/>
  <testcase name="checkCaptcha_whenRedisCaptchaEqual_thenReturnFalse" time="0.001" classname="cn.mahjong.service.CaptchaServiceImplTest"/>
  <testcase name="checkCaptcha_whenBidNullRedisCaptchaEqual_thenReturnFalse" time="0.023" classname="cn.mahjong.service.CaptchaServiceImplTest"/>
  <testcase name="checkCaptcha_whenRedisCaptchaNotEqual_thenReturnFalse" time="0.002" classname="cn.mahjong.service.CaptchaServiceImplTest"/>
</testsuite> <!-- cn.mahjong.service.CaptchaServiceImplTest -->
